<?xml version="1.0" encoding="UTF-8"?>
<!-- Generated by org.testng.reporters.JUnitReportReporter -->
<testsuite hostname="DESKTOP-10DDVSD" failures="0" tests="3" name="com.actitime.testscript.Project_module" time="4.364" errors="0" timestamp="2025-05-13T13:13:35 IST" skipped="0">
  <testcase classname="com.actitime.testscript.Project_module" name="modifyProject" time="1.382">
    <system-out>
      <![CDATA[modifyProject]]>
    </system-out>
  </testcase> <!-- modifyProject -->
  <testcase classname="com.actitime.testscript.Project_module" name="deletProject" time="1.293">
    <system-out>
      <![CDATA[deletProject]]>
    </system-out>
  </testcase> <!-- deletProject -->
  <testcase classname="com.actitime.testscript.Project_module" name="createProject" time="1.689">
    <system-out>
      <![CDATA[createProject]]>
    </system-out>
  </testcase> <!-- createProject -->
  <system-out>
    <![CDATA[openBrowser
login
createProject
logout
login
deletProject
logout
login
modifyProject
logout
closeBrowser]]>
  </system-out>
</testsuite> <!-- com.actitime.testscript.Project_module -->
