<?xml version="1.0" encoding="UTF-8"?>
<!-- Generated by org.testng.reporters.JUnitReportReporter -->
<testsuite hostname="DESKTOP-10DDVSD" failures="0" tests="3" name="com.actitime.generic.Demo_Base_class" time="0.016" errors="0" timestamp="2025-04-22T21:10:45 IST" skipped="0">
  <testcase classname="com.actitime.generic.Demo_Base_class" name="createcustome" time="0.010">
    <system-out>
      <![CDATA[createcustomer]]>
    </system-out>
  </testcase> <!-- createcustome -->
  <testcase classname="com.actitime.generic.Demo_Base_class" name="modifycustomer" time="0.003">
    <system-out>
      <![CDATA[modifycustomer]]>
    </system-out>
  </testcase> <!-- modifycustomer -->
  <testcase classname="com.actitime.generic.Demo_Base_class" name="deletcustomer" time="0.003">
    <system-out>
      <![CDATA[deletcustomer]]>
    </system-out>
  </testcase> <!-- deletcustomer -->
  <system-out>
    <![CDATA[openBrowser
login
createcustomer
logout
login
modifycustomer
logout
login
deletcustomer
logout
closeBrowser]]>
  </system-out>
</testsuite> <!-- com.actitime.generic.Demo_Base_class -->
