<?xml version="1.0" encoding="UTF-8"?>
<!-- Generated by org.testng.reporters.JUnitReportReporter -->
<testsuite hostname="DESKTOP-10DDVSD" failures="0" tests="2" name="com.actitime.generic.Base_class" time="0.011" errors="0" timestamp="2025-04-22T20:50:36 IST" skipped="0">
  <testcase classname="com.actitime.generic.Base_class" name="createcustomer" time="0.008">
    <system-out>
      <![CDATA[createcustomer]]>
    </system-out>
  </testcase> <!-- createcustomer -->
  <testcase classname="com.actitime.generic.Base_class" name="modifycustomer" time="0.003">
    <system-out>
      <![CDATA[modifycustomer]]>
    </system-out>
  </testcase> <!-- modifycustomer -->
  <system-out>
    <![CDATA[OpenBrowser
login
createcustomer
logout
login
modifycustomer
logout
closeBrowser]]>
  </system-out>
</testsuite> <!-- com.actitime.generic.Base_class -->
