<?xml version="1.0" encoding="UTF-8"?>
<!-- Generated by org.testng.reporters.JUnitReportReporter -->
<testsuite hostname="DESKTOP-10DDVSD" failures="0" tests="1" name="com.actitime.testscript.ScreenShort_Demo" time="2.594" errors="0" timestamp="2025-04-27T08:14:49 IST" skipped="0">
  <testcase classname="com.actitime.testscript.ScreenShort_Demo" name="takescreenshort" time="2.594"/>
</testsuite> <!-- com.actitime.testscript.ScreenShort_Demo -->
