<?xml version="1.0" encoding="UTF-8"?>
<!-- Generated by org.testng.reporters.JUnitReportReporter -->
<testsuite hostname="DESKTOP-10DDVSD" failures="0" tests="3" name="annotetion.Annotation_Demo" time="0.019" errors="0" timestamp="2025-04-22T22:13:00 IST" skipped="0">
  <testcase classname="annotetion.Annotation_Demo" name="deletCustomer" time="0.008">
    <system-out>
      <![CDATA[deletCustomer]]>
    </system-out>
  </testcase> <!-- deletCustomer -->
  <testcase classname="annotetion.Annotation_Demo" name="createCustomer" time="0.005">
    <system-out>
      <![CDATA[createCustomer]]>
    </system-out>
  </testcase> <!-- createCustomer -->
  <testcase classname="annotetion.Annotation_Demo" name="modifyCustomer" time="0.006">
    <system-out>
      <![CDATA[modifyCustomer]]>
    </system-out>
  </testcase> <!-- modifyCustomer -->
  <system-out>
    <![CDATA[openBrowser
login
createCustomer
logout
login
modifyCustomer
logout
login
deletCustomer
logout
openBrowser
login
createcustomer
logout
login
modifycustomer
logout
login
deletcustomer
logout
closeBrowser
openbrowser
login
deletCustomer
logout
login
createCustomer
logout
login
modifyCustomer
logout
closebrowser
login
createcustomer
logout
login
modifycustomer
logout
closeBrowser]]>
  </system-out>
</testsuite> <!-- annotetion.Annotation_Demo -->
