<?xml version="1.0" encoding="UTF-8"?>
<!-- Generated by org.testng.reporters.JUnitReportReporter -->
<testsuite hostname="DESKTOP-10DDVSD" failures="0" tests="1" name="com.actitime.testscript.DemoTestClass" time="0.027" errors="0" timestamp="2025-04-20T18:49:46 IST" skipped="0">
  <testcase classname="com.actitime.testscript.DemoTestClass" name="testMethod" time="0.027">
    <system-out>
      <![CDATA[Welcome]]>
    </system-out>
  </testcase> <!-- testMethod -->
  <system-out>
    <![CDATA[Welcome
createCustomer
modifyCustomer
deletCustomer
createProject
modifyProject
deletProject
createTest
modifyTest
deletTest]]>
  </system-out>
</testsuite> <!-- com.actitime.testscript.DemoTestClass -->
