<?xml version="1.0" encoding="UTF-8"?>
<!-- Generated by org.testng.reporters.JUnitReportReporter -->
<testsuite hostname="DESKTOP-10DDVSD" failures="0" tests="1" name="com.actitime.testscript.Test_module" time="1.580" errors="0" timestamp="2025-05-13T13:10:53 IST" skipped="0">
  <testcase classname="com.actitime.testscript.Test_module" name="createTest" time="1.580">
    <system-out>
      <![CDATA[createTest]]>
    </system-out>
  </testcase> <!-- createTest -->
  <system-out>
    <![CDATA[createProject
openBrowser
login
createCustomer
logout
closeBrowser
openBrowser
login
createTest
logout
closeBrowser]]>
  </system-out>
</testsuite> <!-- com.actitime.testscript.Test_module -->
